-------------------------------------------------------------------------------
Test set: com.chinmayee.Springboot_beiginner.UserControllerTest
-------------------------------------------------------------------------------
Tests run: 1, Failures: 0, Errors: 1, Skipped: 0, Time elapsed: 1.694 s <<< FAILURE! -- in com.chinmayee.Springboot_beiginner.UserControllerTest
com.chinmayee.Springboot_beiginner.UserControllerTest.shouldCreateUser_WhenPostJson -- Time elapsed: 0.034 s <<< ERROR!
java.lang.Error: 
Unresolved compilation problems: 
	The import org.springframework.boot.test.autoconfigure.web cannot be resolved
	AutoConfigureMockMvc cannot be resolved to a type

	at com.chinmayee.Springboot_beiginner.UserControllerTest.<init>(UserControllerTest.java:5)

