<?xml version="1.0" encoding="UTF-8"?>
<testsuite xmlns:xsi="http://www.w3.org/2001/XMLSchema-instance" xsi:noNamespaceSchemaLocation="https://maven.apache.org/surefire/maven-surefire-plugin/xsd/surefire-test-report.xsd" version="3.0.2" name="com.chinmayee.Springboot_beiginner.SpringbootBeiginnerApplicationTests" time="13.054" tests="1" errors="0" skipped="0" failures="0" flakes="0">
  <properties>
[...]
</properties>
  <testcase name="contextLoads" classname="com.chinmayee.Springboot_beiginner.SpringbootBeiginnerApplicationTests" time="3.775">
    <system-out><![CDATA[14:51:55.709 [main] INFO org.springframework.test.context.support.AnnotationConfigContextLoaderUtils -- Could not detect default configuration classes for test class [com.chinmayee.Springboot_beiginner.SpringbootBeiginnerApplicationTests]: SpringbootBeiginnerApplicationTests does not declare any static, non-private, non-final, nested classes annotated with @Configuration.
14:51:56.195 [main] INFO org.springframework.boot.test.context.SpringBootTestContextBootstrapper -- Found @SpringBootConfiguration com.chinmayee.Springboot_beiginner.SpringbootBeiginnerApplication for test class com.chinmayee.Springboot_beiginner.SpringbootBeiginnerApplicationTests
14:51:56.467 [main] INFO org.springframework.test.context.support.AnnotationConfigContextLoaderUtils -- Could not detect default configuration classes for test class [com.chinmayee.Springboot_beiginner.SpringbootBeiginnerApplicationTests]: SpringbootBeiginnerApplicationTests does not declare any static, non-private, non-final, nested classes annotated with @Configuration.
14:51:56.467 [main] INFO org.springframework.boot.test.context.SpringBootTestContextBootstrapper -- Found @SpringBootConfiguration com.chinmayee.Springboot_beiginner.SpringbootBeiginnerApplication for test class com.chinmayee.Springboot_beiginner.SpringbootBeiginnerApplicationTests
14:51:56.718 [main] INFO org.springframework.boot.devtools.restart.RestartApplicationListener -- Restart disabled due to context in which it is running

  .   ____          _            __ _ _
 /\\ / ___'_ __ _ _(_)_ __  __ _ \ \ \ \
( ( )\___ | '_ | '_| | '_ \/ _` | \ \ \ \
 \\/  ___)| |_)| | | | | || (_| |  ) ) ) )
  '  |____| .__|_| |_|_| |_\__, | / / / /
 =========|_|==============|___/=/_/_/_/

 :: Spring Boot ::                (v4.0.7)

2026-08-01T14:51:57.667+05:30  INFO 5884 --- [Springboot-beiginner] [           main] .c.S.SpringbootBeiginnerApplicationTests : Starting SpringbootBeiginnerApplicationTests using Java 21.0.11 with PID 5884 (started by ADMIN in F:\Chinmayee\Springboot-beiginner)
2026-08-01T14:51:57.667+05:30  INFO 5884 --- [Springboot-beiginner] [           main] .c.S.SpringbootBeiginnerApplicationTests : No active profile set, falling back to 1 default profile: "default"
2026-08-01T14:52:01.663+05:30  INFO 5884 --- [Springboot-beiginner] [           main] o.s.b.w.a.WelcomePageHandlerMapping      : Adding welcome page: class path resource [static/index.html]
2026-08-01T14:52:04.050+05:30  INFO 5884 --- [Springboot-beiginner] [           main] .c.S.SpringbootBeiginnerApplicationTests : Started SpringbootBeiginnerApplicationTests in 7.374 seconds (process running for 11.572)
2026-08-01T14:52:04.067+05:30  WARN 5884 --- [Springboot-beiginner] [           main] o.s.core.events.SpringDocAppInitializer  : SpringDoc /v3/api-docs endpoint is enabled by default. To disable it in production, set the property 'springdoc.api-docs.enabled=false'
2026-08-01T14:52:04.070+05:30  WARN 5884 --- [Springboot-beiginner] [           main] o.s.core.events.SpringDocAppInitializer  : SpringDoc /swagger-ui.html endpoint is enabled by default. To disable it in production, set the property 'springdoc.swagger-ui.enabled=false'
]]></system-out>
    <system-err><![CDATA[Mockito is currently self-attaching to enable the inline-mock-maker. This will no longer work in future releases of the JDK. Please add Mockito as an agent to your build as described in Mockito's documentation: https://javadoc.io/doc/org.mockito/mockito-core/latest/org.mockito/org/mockito/Mockito.html#0.3
WARNING: A Java agent has been loaded dynamically (C:\Users\ADMIN\.m2\repository\net\bytebuddy\byte-buddy-agent\1.17.8\byte-buddy-agent-1.17.8.jar)
WARNING: If a serviceability tool is in use, please run with -XX:+EnableDynamicAgentLoading to hide this warning
WARNING: If a serviceability tool is not in use, please run with -Djdk.instrument.traceUsage for more information
WARNING: Dynamic loading of agents will be disallowed by default in a future release
]]></system-err>
  </testcase>
</testsuite>