<?xml version="1.0" encoding="UTF-8"?>
<testsuite xmlns:xsi="http://www.w3.org/2001/XMLSchema-instance" xsi:noNamespaceSchemaLocation="https://maven.apache.org/surefire/maven-surefire-plugin/xsd/surefire-test-report.xsd" version="3.0.2" name="com.chinmayee.Springboot_beiginner.UserControllerTest" time="1.694" tests="1" errors="1" skipped="0" failures="0" flakes="0">
  <properties>
[...]
</properties>
  <testcase name="shouldCreateUser_WhenPostJson" classname="com.chinmayee.Springboot_beiginner.UserControllerTest" time="0.034">
    <error message="Unresolved compilation problems: &#10;	The import org.springframework.boot.test.autoconfigure.web cannot be resolved&#10;	AutoConfigureMockMvc cannot be resolved to a type&#10;" type="java.lang.Error"><![CDATA[java.lang.Error: 
Unresolved compilation problems: 
	The import org.springframework.boot.test.autoconfigure.web cannot be resolved
	AutoConfigureMockMvc cannot be resolved to a type

	at com.chinmayee.Springboot_beiginner.UserControllerTest.<init>(UserControllerTest.java:5)
]]></error>
    <system-out><![CDATA[15:05:04.109 [main] INFO org.springframework.test.context.support.AnnotationConfigContextLoaderUtils -- Could not detect default configuration classes for test class [com.chinmayee.Springboot_beiginner.UserControllerTest]: UserControllerTest does not declare any static, non-private, non-final, nested classes annotated with @Configuration.
15:05:04.448 [main] INFO org.springframework.boot.test.context.SpringBootTestContextBootstrapper -- Found @SpringBootConfiguration com.chinmayee.Springboot_beiginner.SpringbootBeiginnerApplication for test class com.chinmayee.Springboot_beiginner.UserControllerTest
15:05:04.722 [main] INFO org.springframework.test.context.support.AnnotationConfigContextLoaderUtils -- Could not detect default configuration classes for test class [com.chinmayee.Springboot_beiginner.UserControllerTest]: UserControllerTest does not declare any static, non-private, non-final, nested classes annotated with @Configuration.
15:05:04.739 [main] INFO org.springframework.boot.test.context.SpringBootTestContextBootstrapper -- Found @SpringBootConfiguration com.chinmayee.Springboot_beiginner.SpringbootBeiginnerApplication for test class com.chinmayee.Springboot_beiginner.UserControllerTest
]]></system-out>
  </testcase>
</testsuite>